2026-06-15 23:08:51,799 | INFO | Загружено строк: 179 из messages.csv | режим: dry-run
2026-06-15 23:08:51,799 | INFO | Строка 1: [DRY-RUN] было бы отправлено на +77000000000: Парковка: Парковка ТРК АДК Адрес: Керей-Жанибек хандар улица
2026-06-15 23:08:51,799 | INFO | Строка 2: [DRY-RUN] было бы отправлено на +77000000000: Парковка: Автостоянка №26 Адрес: улица Толе би, 287г Рейтинг
2026-06-15 23:08:51,799 | INFO | Строка 3: [DRY-RUN] было бы отправлено на +77000000000: Парковка: Автостоянка №26 Адрес: улица Толе би, 287г Рейтинг
2026-06-15 23:08:51,799 | INFO | Строка 4: [DRY-RUN] было бы отправлено на +77000000000: Парковка: Парковка ТРК АДК Адрес: Керей-Жанибек хандар улица
2026-06-15 23:08:51,799 | INFO | Строка 5: [DRY-RUN] было бы отправлено на +77000000000: Парковка: Парковка Адрес: Керей-Жанибек хандар улица, 558/1 
2026-06-15 23:08:51,799 | INFO | Строка 6: [DRY-RUN] было бы отправлено на +77000000000: Парковка: Горный Адрес: улица Зеина Шашкина, 36/1 Рейтинг: 5
2026-06-15 23:08:51,799 | INFO | Строка 7: [DRY-RUN] было бы отправлено на +77000000000: Парковка: Almaty Parking Адрес: Керей-Жанибек хандар улица, 
2026-06-15 23:08:51,799 | INFO | Строка 8: [DRY-RUN] было бы отправлено на +77000000000: Парковка: Сайран-2 Адрес: 5-й микрорайон, 40Б Рейтинг: 5.0
2026-06-15 23:08:51,799 | INFO | Строка 9: [DRY-RUN] было бы отправлено на +77000000000: Парковка: Parking Адрес: Керей-Жанибек хандар улица, 558/1 Р
2026-06-15 23:08:51,799 | INFO | Строка 10: [DRY-RUN] было бы отправлено на +77000000000: Парковка: Парковка Адрес: Керей-Жанибек хандар улица, 558/1 
2026-06-15 23:08:51,799 | INFO | Строка 11: [DRY-RUN] было бы отправлено на +77000000000: Парковка: Parking Адрес: Керей-Жанибек хандар улица, 558/1 Р
2026-06-15 23:08:51,799 | INFO | Строка 12: [DRY-RUN] было бы отправлено на +77000000000: Парковка: Alva Адрес: Керей-Жанибек хандар улица, 558/1 Рейт
2026-06-15 23:08:51,799 | INFO | Строка 13: [DRY-RUN] было бы отправлено на +77000000000: Парковка: Car Land Parking Адрес: Ораза Жандосова улица, 33д
2026-06-15 23:08:51,799 | INFO | Строка 14: [DRY-RUN] было бы отправлено на +77000000000: Парковка: Парковка БЦ Нурлы Тау Адрес: Керей-Жанибек хандар 
2026-06-15 23:08:51,799 | INFO | Строка 15: [DRY-RUN] было бы отправлено на +77000000000: Парковка: Парковка ТРК АДК Адрес: Керей-Жанибек хандар улица
2026-06-15 23:08:51,799 | INFO | Строка 16: [DRY-RUN] было бы отправлено на +77000000000: Парковка: Парковка ТРК Mega Center Alma-Ata Адрес: Керей-Жан
2026-06-15 23:08:51,799 | INFO | Строка 17: [DRY-RUN] было бы отправлено на +77000000000: Парковка: Автостоянка Адрес: улица Розыбакиева, 103в Рейтинг
2026-06-15 23:08:51,799 | INFO | Строка 18: [DRY-RUN] было бы отправлено на +77000000000: Парковка: подземная парковка Адрес: проспект Аль-Фараби, 41/
2026-06-15 23:08:51,799 | INFO | Строка 19: [DRY-RUN] было бы отправлено на +77000000000: Парковка: Автостоянка Адрес: улица Ураза Исаева, 140 Рейтинг
2026-06-15 23:08:51,799 | INFO | Строка 20: [DRY-RUN] было бы отправлено на +77000000000: Парковка: Shafran Адрес: Керей-Жанибек хандар улица, 558/1 Р
2026-06-15 23:08:51,799 | INFO | Строка 21: [DRY-RUN] было бы отправлено на +77000000000: Парковка: Автостоянка Адрес: улица Розыбакиева, 103в Рейтинг
2026-06-15 23:08:51,799 | INFO | Строка 22: [DRY-RUN] было бы отправлено на +77000000000: Парковка: Орбита-3 Адрес: Керей-Жанибек хандар улица, 558/1 
2026-06-15 23:08:51,800 | INFO | Строка 23: [DRY-RUN] было бы отправлено на +77000000000: Парковка: Alva Адрес: Керей-Жанибек хандар улица, 558/1 Рейт
2026-06-15 23:08:51,800 | INFO | Строка 24: [DRY-RUN] было бы отправлено на +77000000000: Парковка: Парковка ТРК Mega Center Alma-Ata Адрес: Керей-Жан
2026-06-15 23:08:51,800 | INFO | Строка 25: [DRY-RUN] было бы отправлено на +77000000000: Парковка: Орбита-3 Адрес: Керей-Жанибек хандар улица, 558/1 
2026-06-15 23:08:51,800 | INFO | Строка 26: [DRY-RUN] было бы отправлено на +77000000000: Парковка: Magnum Cash & Carry Адрес: Керей-Жанибек хандар ул
2026-06-15 23:08:51,800 | INFO | Строка 27: [DRY-RUN] было бы отправлено на +77000000000: Парковка: Almaty Parking Адрес: Керей-Жанибек хандар улица, 
2026-06-15 23:08:51,800 | INFO | Строка 28: [DRY-RUN] было бы отправлено на +77000000000: Парковка: Парковка ТРК АДК Адрес: Керей-Жанибек хандар улица
2026-06-15 23:08:51,800 | INFO | Строка 29: [DRY-RUN] было бы отправлено на +77000000000: Парковка: Автостоянка Адрес: улица Карасай батыра, 152Б Рейт
2026-06-15 23:08:51,800 | INFO | Строка 30: [DRY-RUN] было бы отправлено на +77000000000: Парковка: Автостоянка Адрес: улица Карасай батыра, 152Б Рейт
2026-06-15 23:08:51,800 | INFO | Строка 31: [DRY-RUN] было бы отправлено на +77000000000: Парковка: Парковка ТД Саламат Адрес: Керей-Жанибек хандар ул
2026-06-15 23:08:51,800 | INFO | Строка 32: [DRY-RUN] было бы отправлено на +77000000000: Парковка: Парковка ТРЦ Ритц-Палас Адрес: Керей-Жанибек ханда
2026-06-15 23:08:51,800 | INFO | Строка 33: [DRY-RUN] было бы отправлено на +77000000000: Парковка: Parking Адрес: Керей-Жанибек хандар улица, 558/1 Р
2026-06-15 23:08:51,800 | INFO | Строка 34: [DRY-RUN] было бы отправлено на +77000000000: Парковка: Парковка ТРК АДК Адрес: Керей-Жанибек хандар улица
2026-06-15 23:08:51,800 | INFO | Строка 35: [DRY-RUN] было бы отправлено на +77000000000: Парковка: Автостоянка Адрес: улица Карасай батыра, 152Б Рейт
2026-06-15 23:08:51,800 | INFO | Строка 36: [DRY-RUN] было бы отправлено на +77000000000: Парковка: Орбита-3 Адрес: Керей-Жанибек хандар улица, 558/1 
2026-06-15 23:08:51,800 | INFO | Строка 37: [DRY-RUN] было бы отправлено на +77000000000: Парковка: Автостоянка Адрес: улица Розыбакиева, 103в Рейтинг
2026-06-15 23:08:51,800 | INFO | Строка 38: [DRY-RUN] было бы отправлено на +77000000000: Парковка: Parqour Адрес: Керей-Жанибек хандар улица, 558/1 Р
2026-06-15 23:08:51,800 | INFO | Строка 39: [DRY-RUN] было бы отправлено на +77000000000: Парковка: Сайран-2 Адрес: 5-й микрорайон, 40Б Рейтинг: 5.0
2026-06-15 23:08:51,800 | INFO | Строка 40: [DRY-RUN] было бы отправлено на +77000000000: Парковка: Парковка БЦ Нурлы Тау Адрес: Керей-Жанибек хандар 
2026-06-15 23:08:51,800 | INFO | Строка 41: [DRY-RUN] было бы отправлено на +77000000000: Парковка: Автостоянка Адрес: улица Карасай батыра, 152Б Рейт
2026-06-15 23:08:51,800 | INFO | Строка 42: [DRY-RUN] было бы отправлено на +77000000000: Парковка: Парковка БЦ Нурлы Тау Адрес: Керей-Жанибек хандар 
2026-06-15 23:08:51,800 | INFO | Строка 43: [DRY-RUN] было бы отправлено на +77000000000: Парковка: Автостоянка Адрес: улица Карасай батыра, 152Б Рейт
2026-06-15 23:08:51,800 | INFO | Строка 44: [DRY-RUN] было бы отправлено на +77000000000: Парковка: Alva Адрес: Керей-Жанибек хандар улица, 558/1 Рейт
2026-06-15 23:08:51,800 | INFO | Строка 45: [DRY-RUN] было бы отправлено на +77000000000: Парковка: Автостоянка №26 Адрес: улица Толе би, 287г Рейтинг
2026-06-15 23:08:51,800 | INFO | Строка 46: [DRY-RUN] было бы отправлено на +77000000000: Парковка: Almaty Parking Адрес: Керей-Жанибек хандар улица, 
2026-06-15 23:08:51,800 | INFO | Строка 47: [DRY-RUN] было бы отправлено на +77000000000: Парковка: Парковка Адрес: Керей-Жанибек хандар улица, 558/1 
2026-06-15 23:08:51,800 | INFO | Строка 48: [DRY-RUN] было бы отправлено на +77000000000: Парковка: Автостоянка №26 Адрес: улица Толе би, 287г Рейтинг
2026-06-15 23:08:51,800 | INFO | Строка 49: [DRY-RUN] было бы отправлено на +77000000000: Парковка: Автостоянка Адрес: улица Розыбакиева, 103в Рейтинг
2026-06-15 23:08:51,800 | INFO | Строка 50: [DRY-RUN] было бы отправлено на +77000000000: Парковка: Парковка ТРК АДК Адрес: Керей-Жанибек хандар улица
2026-06-15 23:08:51,800 | INFO | Строка 51: [DRY-RUN] было бы отправлено на +77000000000: Парковка: Сайран-2 Адрес: 5-й микрорайон, 40Б Рейтинг: 5.0
2026-06-15 23:08:51,800 | INFO | Строка 52: [DRY-RUN] было бы отправлено на +77000000000: Парковка: Сайран-2 Адрес: 5-й микрорайон, 40Б Рейтинг: 5.0
2026-06-15 23:08:51,800 | INFO | Строка 53: [DRY-RUN] было бы отправлено на +77000000000: Парковка: Парковка ТРК Mega Center Alma-Ata Адрес: Керей-Жан
2026-06-15 23:08:51,800 | INFO | Строка 54: [DRY-RUN] было бы отправлено на +77000000000: Парковка: Парковка Адрес: Керей-Жанибек хандар улица, 558/1 
2026-06-15 23:08:51,800 | INFO | Строка 55: [DRY-RUN] было бы отправлено на +77000000000: Парковка: Парковка ТРК АДК Адрес: Керей-Жанибек хандар улица
2026-06-15 23:08:51,800 | INFO | Строка 56: [DRY-RUN] было бы отправлено на +77000000000: Парковка: Автостоянка №26 Адрес: улица Толе би, 287г Рейтинг
2026-06-15 23:08:51,800 | INFO | Строка 57: [DRY-RUN] было бы отправлено на +77000000000: Парковка: Орбита-3 Адрес: Керей-Жанибек хандар улица, 558/1 
2026-06-15 23:08:51,800 | INFO | Строка 58: [DRY-RUN] было бы отправлено на +77000000000: Парковка: Almaty Parking Адрес: Керей-Жанибек хандар улица, 
2026-06-15 23:08:51,800 | INFO | Строка 59: [DRY-RUN] было бы отправлено на +77000000000: Парковка: Парковка ТРК Глобус Адрес: Керей-Жанибек хандар ул
2026-06-15 23:08:51,800 | INFO | Строка 60: [DRY-RUN] было бы отправлено на +77000000000: Парковка: Парковка №1006 Адрес: Керей-Жанибек хандар улица, 
2026-06-15 23:08:51,800 | INFO | Строка 61: [DRY-RUN] было бы отправлено на +77000000000: Парковка: Парковка ТРК Mega Center Alma-Ata Адрес: Керей-Жан
2026-06-15 23:08:51,800 | INFO | Строка 62: [DRY-RUN] было бы отправлено на +77000000000: Парковка: Сайран-2 Адрес: 5-й микрорайон, 40Б Рейтинг: 5.0
2026-06-15 23:08:51,800 | INFO | Строка 63: [DRY-RUN] было бы отправлено на +77000000000: Парковка: Орбита-3 Адрес: Керей-Жанибек хандар улица, 558/1 
2026-06-15 23:08:51,800 | INFO | Строка 64: [DRY-RUN] было бы отправлено на +77000000000: Парковка: Тума Адрес: улица Абиша Кекилбайулы, 30Б Рейтинг: 
2026-06-15 23:08:51,800 | INFO | Строка 65: [DRY-RUN] было бы отправлено на +77000000000: Парковка: Автостоянка Адрес: 7-й микрорайон, 30а Рейтинг: 1.
2026-06-15 23:08:51,800 | INFO | Строка 66: [DRY-RUN] было бы отправлено на +77000000000: Парковка: Парковка Адрес: Керей-Жанибек хандар улица, 558/1 
2026-06-15 23:08:51,800 | INFO | Строка 67: [DRY-RUN] было бы отправлено на +77000000000: Парковка: Автостоянка ТРЦ Moscva Metropolitan Адрес: Керей-Ж
2026-06-15 23:08:51,800 | INFO | Строка 68: [DRY-RUN] было бы отправлено на +77000000000: Парковка: Парковка ТРК Mega Park Адрес: Керей-Жанибек хандар
2026-06-15 23:08:51,800 | INFO | Строка 69: [DRY-RUN] было бы отправлено на +77000000000: Парковка: Сайран-2 Адрес: 5-й микрорайон, 40Б Рейтинг: 5.0
2026-06-15 23:08:51,800 | INFO | Строка 70: [DRY-RUN] было бы отправлено на +77000000000: Парковка: Парковка ТРЦ Riviera Park Адрес: улица Каныша Сатп
2026-06-15 23:08:51,801 | INFO | Строка 71: [DRY-RUN] было бы отправлено на +77000000000: Парковка: Автостоянка Адрес: улица Розыбакиева, 103в Рейтинг
2026-06-15 23:08:51,801 | INFO | Строка 72: [DRY-RUN] было бы отправлено на +77000000000: Парковка: Alva Адрес: Керей-Жанибек хандар улица, 558/1 Рейт
2026-06-15 23:08:51,801 | INFO | Строка 73: [DRY-RUN] было бы отправлено на +77000000000: Парковка: Автостоянка Адрес: улица Розыбакиева, 103в Рейтинг
2026-06-15 23:08:51,801 | INFO | Строка 74: [DRY-RUN] было бы отправлено на +77000000000: Парковка: Автостоянка Адрес: проспект Абая, 44/2 Рейтинг: 2.
2026-06-15 23:08:51,801 | INFO | Строка 75: [DRY-RUN] было бы отправлено на +77000000000: Парковка: Alva Адрес: Керей-Жанибек хандар улица, 558/1 Рейт
2026-06-15 23:08:51,801 | INFO | Строка 76: [DRY-RUN] было бы отправлено на +77000000000: Парковка: Сайран-2 Адрес: 5-й микрорайон, 40Б Рейтинг: 5.0
2026-06-15 23:08:51,801 | INFO | Строка 77: [DRY-RUN] было бы отправлено на +77000000000: Парковка: Автостоянка №26 Адрес: улица Толе би, 287г Рейтинг
2026-06-15 23:08:51,801 | INFO | Строка 78: [DRY-RUN] было бы отправлено на +77000000000: Парковка: Almaty Parking Адрес: Керей-Жанибек хандар улица, 
2026-06-15 23:08:51,801 | INFO | Строка 79: [DRY-RUN] было бы отправлено на +77000000000: Парковка: Парковка БЦ Нурлы Тау Адрес: Керей-Жанибек хандар 
2026-06-15 23:08:51,801 | INFO | Строка 80: [DRY-RUN] было бы отправлено на +77000000000: Парковка: Подземный платный паркинг Адрес: микрорайон 10а, 1
2026-06-15 23:08:51,801 | INFO | Строка 81: [DRY-RUN] было бы отправлено на +77000000000: Парковка: Парковка Адрес: Керей-Жанибек хандар улица, 558/1 
2026-06-15 23:08:51,801 | INFO | Строка 82: [DRY-RUN] было бы отправлено на +77000000000: Парковка: Сайран-2 Адрес: 5-й микрорайон, 40Б Рейтинг: 5.0
2026-06-15 23:08:51,801 | INFO | Строка 83: [DRY-RUN] было бы отправлено на +77000000000: Парковка: Парковка Адрес: Керей-Жанибек хандар улица, 558/1 
2026-06-15 23:08:51,801 | INFO | Строка 84: [DRY-RUN] было бы отправлено на +77000000000: Парковка: Платная парковка Адрес: Керей-Жанибек хандар улица
2026-06-15 23:08:51,801 | INFO | Строка 85: [DRY-RUN] было бы отправлено на +77000000000: Парковка: Парковка Адрес: Керей-Жанибек хандар улица, 558/1 
2026-06-15 23:08:51,801 | INFO | Строка 86: [DRY-RUN] было бы отправлено на +77000000000: Парковка: Автостоянка Адрес: улица Розыбакиева, 103в Рейтинг
2026-06-15 23:08:51,801 | INFO | Строка 87: [DRY-RUN] было бы отправлено на +77000000000: Парковка: Парковка ТРК Mega Center Alma-Ata Адрес: Керей-Жан
2026-06-15 23:08:51,801 | INFO | Строка 88: [DRY-RUN] было бы отправлено на +77000000000: Парковка: Parqour Адрес: Керей-Жанибек хандар улица, 558/1 Р
2026-06-15 23:08:51,801 | INFO | Строка 89: [DRY-RUN] было бы отправлено на +77000000000: Парковка: Орбита-3 Адрес: Керей-Жанибек хандар улица, 558/1 
2026-06-15 23:08:51,801 | INFO | Строка 90: [DRY-RUN] было бы отправлено на +77000000000: Парковка: Almaty Parking Адрес: Керей-Жанибек хандар улица, 
2026-06-15 23:08:51,801 | INFO | Строка 91: [DRY-RUN] было бы отправлено на +77000000000: Парковка: Парковка Адрес: Керей-Жанибек хандар улица, 558/1 
2026-06-15 23:08:51,801 | INFO | Строка 92: [DRY-RUN] было бы отправлено на +77000000000: Парковка: Парковка БЦ Нурлы Тау Адрес: Керей-Жанибек хандар 
2026-06-15 23:08:51,801 | INFO | Строка 93: [DRY-RUN] было бы отправлено на +77000000000: Парковка: Автостоянка Адрес: улица Карасай батыра, 152Б Рейт
2026-06-15 23:08:51,801 | INFO | Строка 94: [DRY-RUN] было бы отправлено на +77000000000: Парковка: Almaty Parking Адрес: Керей-Жанибек хандар улица, 
2026-06-15 23:08:51,801 | INFO | Строка 95: [DRY-RUN] было бы отправлено на +77000000000: Парковка: Автостоянка Адрес: улица Карасай батыра, 152Б Рейт
2026-06-15 23:08:51,801 | INFO | Строка 96: [DRY-RUN] было бы отправлено на +77000000000: Парковка: Автостоянка Адрес: улица Розыбакиева, 103в Рейтинг
2026-06-15 23:08:51,801 | INFO | Строка 97: [DRY-RUN] было бы отправлено на +77000000000: Парковка: Парковка ТРК Mega Center Alma-Ata Адрес: Керей-Жан
2026-06-15 23:08:51,801 | INFO | Строка 98: [DRY-RUN] было бы отправлено на +77000000000: Парковка: Парковка ТРК Глобус Адрес: Керей-Жанибек хандар ул
2026-06-15 23:08:51,801 | INFO | Строка 99: [DRY-RUN] было бы отправлено на +77000000000: Парковка: Парковка БЦ Нурлы Тау Адрес: Керей-Жанибек хандар 
2026-06-15 23:08:51,801 | INFO | Строка 100: [DRY-RUN] было бы отправлено на +77000000000: Парковка: Парковка ТРЦ Достык Плаза Адрес: Керей-Жанибек хан
2026-06-15 23:08:51,801 | INFO | Строка 101: [DRY-RUN] было бы отправлено на +77000000000: Парковка: Almaty Parking Адрес: Керей-Жанибек хандар улица, 
2026-06-15 23:08:51,801 | INFO | Строка 102: [DRY-RUN] было бы отправлено на +77000000000: Парковка: Автостоянка №26 Адрес: улица Толе би, 287г Рейтинг
2026-06-15 23:08:51,801 | INFO | Строка 103: [DRY-RUN] было бы отправлено на +77000000000: Парковка: Alva Адрес: Керей-Жанибек хандар улица, 558/1 Рейт
2026-06-15 23:08:51,801 | INFO | Строка 104: [DRY-RUN] было бы отправлено на +77000000000: Парковка: Паркинг БЦ Гермес Адрес: улица Муратбаева, 180/1 Р
2026-06-15 23:08:51,801 | INFO | Строка 105: [DRY-RUN] было бы отправлено на +77000000000: Парковка: Парковка ТРК Глобус Адрес: Керей-Жанибек хандар ул
2026-06-15 23:08:51,801 | INFO | Строка 106: [DRY-RUN] было бы отправлено на +77000000000: Парковка: Автостоянка Адрес: улица Розыбакиева, 103в Рейтинг
2026-06-15 23:08:51,801 | INFO | Строка 107: [DRY-RUN] было бы отправлено на +77000000000: Парковка: Парковка Адрес: Керей-Жанибек хандар улица, 558/1 
2026-06-15 23:08:51,801 | INFO | Строка 108: [DRY-RUN] было бы отправлено на +77000000000: Парковка: Parking Адрес: Керей-Жанибек хандар улица, 558/1 Р
2026-06-15 23:08:51,801 | INFO | Строка 109: [DRY-RUN] было бы отправлено на +77000000000: Парковка: Сайран-2 Адрес: 5-й микрорайон, 40Б Рейтинг: 5.0
2026-06-15 23:08:51,801 | INFO | Строка 110: [DRY-RUN] было бы отправлено на +77000000000: Парковка: Автостоянка №26 Адрес: улица Толе би, 287г Рейтинг
2026-06-15 23:08:51,801 | INFO | Строка 111: [DRY-RUN] было бы отправлено на +77000000000: Парковка: Парковка ТРК Глобус Адрес: Керей-Жанибек хандар ул
2026-06-15 23:08:51,801 | INFO | Строка 112: [DRY-RUN] было бы отправлено на +77000000000: Парковка: Маржан Н. Адрес: улица Уалиханова, 49 Рейтинг: 5.0
2026-06-15 23:08:51,801 | INFO | Строка 113: [DRY-RUN] было бы отправлено на +77000000000: Парковка: Парковка ТРК Глобус Адрес: Керей-Жанибек хандар ул
2026-06-15 23:08:51,801 | INFO | Строка 114: [DRY-RUN] было бы отправлено на +77000000000: Парковка: Автостоянка №26 Адрес: улица Толе би, 287г Рейтинг
2026-06-15 23:08:51,801 | INFO | Строка 115: [DRY-RUN] было бы отправлено на +77000000000: Парковка: Alva Адрес: Керей-Жанибек хандар улица, 558/1 Рейт
2026-06-15 23:08:51,801 | INFO | Строка 116: [DRY-RUN] было бы отправлено на +77000000000: Парковка: Парковка ТЦ City Center Адрес: Керей-Жанибек ханда
2026-06-15 23:08:51,801 | INFO | Строка 117: [DRY-RUN] было бы отправлено на +77000000000: Парковка: Parking Адрес: Керей-Жанибек хандар улица, 558/1 Р
2026-06-15 23:08:51,801 | INFO | Строка 118: [DRY-RUN] было бы отправлено на +77000000000: Парковка: Парковка ТРК АДК Адрес: Керей-Жанибек хандар улица
2026-06-15 23:08:51,801 | INFO | Строка 119: [DRY-RUN] было бы отправлено на +77000000000: Парковка: Автостоянка Адрес: улица Карасай батыра, 152Б Рейт
2026-06-15 23:08:51,801 | INFO | Строка 120: [DRY-RUN] было бы отправлено на +77000000000: Парковка: Парковка ТРК Mega Center Alma-Ata Адрес: Керей-Жан
2026-06-15 23:08:51,801 | INFO | Строка 121: [DRY-RUN] было бы отправлено на +77000000000: Парковка: Sputnik Mall Parking Адрес: Керей-Жанибек хандар у
2026-06-15 23:08:51,802 | INFO | Строка 122: [DRY-RUN] было бы отправлено на +77000000000: Парковка: Parqour Адрес: Керей-Жанибек хандар улица, 558/1 Р
2026-06-15 23:08:51,802 | INFO | Строка 123: [DRY-RUN] было бы отправлено на +77000000000: Парковка: Парковка БЦ Нурлы Тау Адрес: Керей-Жанибек хандар 
2026-06-15 23:08:51,802 | INFO | Строка 124: [DRY-RUN] было бы отправлено на +77000000000: Парковка: Парковка БЦ Нурлы Тау Адрес: Керей-Жанибек хандар 
2026-06-15 23:08:51,802 | INFO | Строка 125: [DRY-RUN] было бы отправлено на +77000000000: Парковка: Орбита-3 Адрес: Керей-Жанибек хандар улица, 558/1 
2026-06-15 23:08:51,802 | INFO | Строка 126: [DRY-RUN] было бы отправлено на +77000000000: Парковка: Орбита-3 Адрес: Керей-Жанибек хандар улица, 558/1 
2026-06-15 23:08:51,802 | INFO | Строка 127: [DRY-RUN] было бы отправлено на +77000000000: Парковка: Parking Адрес: Керей-Жанибек хандар улица, 558/1 Р
2026-06-15 23:08:51,802 | INFO | Строка 128: [DRY-RUN] было бы отправлено на +77000000000: Парковка: Автостоянка №26 Адрес: улица Толе би, 287г Рейтинг
2026-06-15 23:08:51,802 | INFO | Строка 129: [DRY-RUN] было бы отправлено на +77000000000: Парковка: Орбита-3 Адрес: Керей-Жанибек хандар улица, 558/1 
2026-06-15 23:08:51,802 | INFO | Строка 130: [DRY-RUN] было бы отправлено на +77000000000: Парковка: Парковка ВУЗ КазНУ Адрес: Керей-Жанибек хандар ули
2026-06-15 23:08:51,802 | INFO | Строка 131: [DRY-RUN] было бы отправлено на +77000000000: Парковка: Парковка ТРК Mega Center Alma-Ata Адрес: Керей-Жан
2026-06-15 23:08:51,802 | INFO | Строка 132: [DRY-RUN] было бы отправлено на +77000000000: Парковка: Жолай-1 Адрес: микрорайон Жетысу-2, 3/3 Рейтинг: 5
2026-06-15 23:08:51,802 | INFO | Строка 133: [DRY-RUN] было бы отправлено на +77000000000: Парковка: Орбита-3 Адрес: Керей-Жанибек хандар улица, 558/1 
2026-06-15 23:08:51,802 | INFO | Строка 134: [DRY-RUN] было бы отправлено на +77000000000: Парковка: Alva Адрес: Керей-Жанибек хандар улица, 558/1 Рейт
2026-06-15 23:08:51,802 | INFO | Строка 135: [DRY-RUN] было бы отправлено на +77000000000: Парковка: Парковка ТРК Глобус Адрес: Керей-Жанибек хандар ул
2026-06-15 23:08:51,802 | INFO | Строка 136: [DRY-RUN] было бы отправлено на +77000000000: Парковка: Almaty Parking Адрес: Керей-Жанибек хандар улица, 
2026-06-15 23:08:51,802 | INFO | Строка 137: [DRY-RUN] было бы отправлено на +77000000000: Парковка: Алмагуль Адрес: улица Жарокова, 284 Рейтинг: 3.0
2026-06-15 23:08:51,802 | INFO | Строка 138: [DRY-RUN] было бы отправлено на +77000000000: Парковка: Парковка Адрес: Керей-Жанибек хандар улица, 558/1 
2026-06-15 23:08:51,802 | INFO | Строка 139: [DRY-RUN] было бы отправлено на +77000000000: Парковка: Парковка ТРЦ ADK Адрес: Керей-Жанибек хандар улица
2026-06-15 23:08:51,802 | INFO | Строка 140: [DRY-RUN] было бы отправлено на +77000000000: Парковка: Сайран-2 Адрес: 5-й микрорайон, 40Б Рейтинг: 5.0
2026-06-15 23:08:51,802 | INFO | Строка 141: [DRY-RUN] было бы отправлено на +77000000000: Парковка: Таугуль Адрес: Керей-Жанибек хандар улица, 558/1 Р
2026-06-15 23:08:51,802 | INFO | Строка 142: [DRY-RUN] было бы отправлено на +77000000000: Парковка: Sergek parking Адрес: Керей-Жанибек хандар улица, 
2026-06-15 23:08:51,802 | INFO | Строка 143: [DRY-RUN] было бы отправлено на +77000000000: Парковка: Парковка БЦ Нурлы Тау Адрес: Керей-Жанибек хандар 
2026-06-15 23:08:51,802 | INFO | Строка 144: [DRY-RUN] было бы отправлено на +77000000000: Парковка: Парковка ТРК Глобус Адрес: Керей-Жанибек хандар ул
2026-06-15 23:08:51,802 | INFO | Строка 145: [DRY-RUN] было бы отправлено на +77000000000: Парковка: Парковка ТРК АДК Адрес: Керей-Жанибек хандар улица
2026-06-15 23:08:51,802 | INFO | Строка 146: [DRY-RUN] было бы отправлено на +77000000000: Парковка: Парковка ТРК Mega Center Alma-Ata Адрес: Керей-Жан
2026-06-15 23:08:51,802 | INFO | Строка 147: [DRY-RUN] было бы отправлено на +77000000000: Парковка: Parking Адрес: Керей-Жанибек хандар улица, 558/1 Р
2026-06-15 23:08:51,802 | INFO | Строка 148: [DRY-RUN] было бы отправлено на +77000000000: Парковка: Орбита-3 Адрес: Керей-Жанибек хандар улица, 558/1 
2026-06-15 23:08:51,802 | INFO | Строка 149: [DRY-RUN] было бы отправлено на +77000000000: Парковка: Автостоянка Адрес: улица Рыскулбекова, 30 Рейтинг:
2026-06-15 23:08:51,802 | INFO | Строка 150: [DRY-RUN] было бы отправлено на +77000000000: Парковка: Автостоянка Адрес: улица Карасай батыра, 152Б Рейт
2026-06-15 23:08:51,802 | INFO | Строка 151: [DRY-RUN] было бы отправлено на +77000000000: Парковка: Парковка ТРК Глобус Адрес: Керей-Жанибек хандар ул
2026-06-15 23:08:51,802 | INFO | Строка 152: [DRY-RUN] было бы отправлено на +77000000000: Парковка: Автостоянка Адрес: улица Розыбакиева, 103в Рейтинг
2026-06-15 23:08:51,802 | INFO | Строка 153: [DRY-RUN] было бы отправлено на +77000000000: Парковка: Almaty Parking Адрес: Керей-Жанибек хандар улица, 
2026-06-15 23:08:51,802 | INFO | Строка 154: [DRY-RUN] было бы отправлено на +77000000000: Парковка: Alva Адрес: Керей-Жанибек хандар улица, 558/1 Рейт
2026-06-15 23:08:51,802 | INFO | Строка 155: [DRY-RUN] было бы отправлено на +77000000000: Парковка: Парковка ТРК Mega Center Alma-Ata Адрес: Керей-Жан
2026-06-15 23:08:51,802 | INFO | Строка 156: [DRY-RUN] было бы отправлено на +77000000000: Парковка: Парковка ТРК Глобус Адрес: Керей-Жанибек хандар ул
2026-06-15 23:08:51,802 | INFO | Строка 157: [DRY-RUN] было бы отправлено на +77000000000: Парковка: Сайран-2 Адрес: 5-й микрорайон, 40Б Рейтинг: 5.0
2026-06-15 23:08:51,802 | INFO | Строка 158: [DRY-RUN] было бы отправлено на +77000000000: Парковка: Автостоянка №26 Адрес: улица Толе би, 287г Рейтинг
2026-06-15 23:08:51,802 | INFO | Строка 159: [DRY-RUN] было бы отправлено на +77000000000: Парковка: Parking Адрес: Керей-Жанибек хандар улица, 558/1 Р
2026-06-15 23:08:51,802 | INFO | Строка 160: [DRY-RUN] было бы отправлено на +77000000000: Парковка: Alva Адрес: Керей-Жанибек хандар улица, 558/1 Рейт
2026-06-15 23:08:51,802 | INFO | Строка 161: [DRY-RUN] было бы отправлено на +77000000000: Парковка: Парковка ТРК АДК Адрес: Керей-Жанибек хандар улица
2026-06-15 23:08:51,802 | INFO | Строка 162: [DRY-RUN] было бы отправлено на +77000000000: Парковка: Парковка Адрес: Керей-Жанибек хандар улица, 558/1 
2026-06-15 23:08:51,802 | INFO | Строка 163: [DRY-RUN] было бы отправлено на +77000000000: Парковка: Parking Адрес: Керей-Жанибек хандар улица, 558/1 Р
2026-06-15 23:08:51,802 | INFO | Строка 164: [DRY-RUN] было бы отправлено на +77000000000: Парковка: Парковка ТРК Глобус Адрес: Керей-Жанибек хандар ул
2026-06-15 23:08:51,802 | INFO | Строка 165: [DRY-RUN] было бы отправлено на +77000000000: Парковка: Парковка ТРК Глобус Адрес: Керей-Жанибек хандар ул
2026-06-15 23:08:51,802 | INFO | Строка 166: [DRY-RUN] было бы отправлено на +77000000000: Парковка: Almaty Parking Адрес: Керей-Жанибек хандар улица, 
2026-06-15 23:08:51,802 | INFO | Строка 167: [DRY-RUN] было бы отправлено на +77000000000: Парковка: Автостоянка Адрес: улица Карасай батыра, 152Б Рейт
2026-06-15 23:08:51,802 | INFO | Строка 168: [DRY-RUN] было бы отправлено на +77000000000: Парковка: Парковка ТРК АДК Адрес: Керей-Жанибек хандар улица
2026-06-15 23:08:51,802 | INFO | Строка 169: [DRY-RUN] было бы отправлено на +77000000000: Парковка: Автостоянка Адрес: улица Карасай батыра, 152Б Рейт
2026-06-15 23:08:51,802 | INFO | Строка 170: [DRY-RUN] было бы отправлено на +77000000000: Парковка: Парковка ТРК Mega Center Alma-Ata Адрес: Керей-Жан
2026-06-15 23:08:51,802 | INFO | Строка 171: [DRY-RUN] было бы отправлено на +77000000000: Парковка: Парковка БЦ Нурлы Тау Адрес: Керей-Жанибек хандар 
2026-06-15 23:08:51,802 | INFO | Строка 172: [DRY-RUN] было бы отправлено на +77000000000: Парковка: Автостоянка Адрес: улица Розыбакиева, 103в Рейтинг
2026-06-15 23:08:51,802 | INFO | Строка 173: [DRY-RUN] было бы отправлено на +77000000000: Парковка: Парковка ТД Алтын — Тараз Адрес: проспект Абылай х
2026-06-15 23:08:51,802 | INFO | Строка 174: [DRY-RUN] было бы отправлено на +77000000000: Парковка: Urban parking Адрес: Керей-Жанибек хандар улица, 5
2026-06-15 23:08:51,803 | INFO | Строка 175: [DRY-RUN] было бы отправлено на +77000000000: Парковка: Парковка БЦ Нурлы Тау Адрес: Керей-Жанибек хандар 
2026-06-15 23:08:51,803 | INFO | Строка 176: [DRY-RUN] было бы отправлено на +77000000000: Парковка: Parking Адрес: Керей-Жанибек хандар улица, 558/1 Р
2026-06-15 23:08:51,803 | INFO | Строка 177: [DRY-RUN] было бы отправлено на +77000000000: Парковка: Alva Адрес: Керей-Жанибек хандар улица, 558/1 Рейт
2026-06-15 23:08:51,803 | INFO | Строка 178: [DRY-RUN] было бы отправлено на +77000000000: Парковка: Парковка ТРЦ Mega Alma-Ata Адрес: Керей-Жанибек ха
2026-06-15 23:08:51,803 | INFO | Строка 179: [DRY-RUN] было бы отправлено на +77000000000: Парковка: Parking Адрес: Керей-Жанибек хандар улица, 558/1 Р
2026-06-15 23:08:51,803 | INFO | DRY-RUN завершён. would_send=179, errors=0, total=179
2026-06-15 23:09:30,472 | INFO | Загружено строк: 179 из messages.csv | режим: live
2026-06-15 23:09:30,473 | ERROR | Для режима live требуются --token и --phone-id (получаются в Meta for Developers -> WhatsApp -> тестовый номер).
